0 info it worked if it ends with ok
1 verbose cli [ '/usr/bin/node',
1 verbose cli   '/usr/bin/npm',
1 verbose cli   'install',
1 verbose cli   '--save',
1 verbose cli   'handlebars' ]
2 info using npm@1.4.28
3 info using node@v0.10.33
4 verbose node symlink /usr/bin/node
5 warn package.json sellit@1.0.0 No repository field.
6 warn package.json sellit@1.0.0 No README data
7 warn package.json passport@0.3.2 No README data
8 verbose readDependencies using package.json deps
9 verbose cache add [ 'handlebars', null ]
10 verbose cache add name=undefined spec="handlebars" args=["handlebars",null]
11 verbose parsed url { protocol: null,
11 verbose parsed url   slashes: null,
11 verbose parsed url   auth: null,
11 verbose parsed url   host: null,
11 verbose parsed url   port: null,
11 verbose parsed url   hostname: null,
11 verbose parsed url   hash: null,
11 verbose parsed url   search: null,
11 verbose parsed url   query: null,
11 verbose parsed url   pathname: 'handlebars',
11 verbose parsed url   path: 'handlebars',
11 verbose parsed url   href: 'handlebars' }
12 silly lockFile 9566e355-handlebars handlebars
13 verbose lock handlebars /home/vagrant/.npm/9566e355-handlebars.lock
14 silly lockFile 9566e355-handlebars handlebars
15 silly lockFile 9566e355-handlebars handlebars
16 verbose addNamed [ 'handlebars', '' ]
17 verbose addNamed [ null, '*' ]
18 silly lockFile 0ab5732f-handlebars handlebars@
19 verbose lock handlebars@ /home/vagrant/.npm/0ab5732f-handlebars.lock
20 silly addNameRange { name: 'handlebars', range: '*', hasData: false }
21 verbose request where is /handlebars
22 verbose request registry https://registry.npmjs.org/
23 verbose request id f4d6eb1e9bfc4b63
24 verbose url raw /handlebars
25 verbose url resolving [ 'https://registry.npmjs.org/', './handlebars' ]
26 verbose url resolved https://registry.npmjs.org/handlebars
27 verbose request where is https://registry.npmjs.org/handlebars
28 info trying registry request attempt 1 at 21:27:28
29 verbose etag W/"58bd8ae9-fce9"
30 http GET https://registry.npmjs.org/handlebars
31 http 304 https://registry.npmjs.org/handlebars
32 silly registry.get cb [ 304,
32 silly registry.get   { date: 'Tue, 14 Mar 2017 21:27:28 GMT',
32 silly registry.get     via: '1.1 varnish',
32 silly registry.get     'cache-control': 'max-age=300',
32 silly registry.get     etag: 'W/"58bd8ae9-fce9"',
32 silly registry.get     age: '4',
32 silly registry.get     connection: 'keep-alive',
32 silly registry.get     'x-served-by': 'cache-yyz8334-YYZ',
32 silly registry.get     'x-cache': 'HIT',
32 silly registry.get     'x-cache-hits': '1',
32 silly registry.get     'x-timer': 'S1489526848.224970,VS0,VE0',
32 silly registry.get     vary: 'Accept-Encoding' } ]
33 verbose etag https://registry.npmjs.org/handlebars from cache
34 silly addNameRange number 2 { name: 'handlebars', range: '*', hasData: true }
35 silly addNameRange versions [ 'handlebars',
35 silly addNameRange   [ '1.0.6',
35 silly addNameRange     '1.0.6-2',
35 silly addNameRange     '1.0.7',
35 silly addNameRange     '1.0.8',
35 silly addNameRange     '1.0.9',
35 silly addNameRange     '1.0.10',
35 silly addNameRange     '1.0.11',
35 silly addNameRange     '1.0.12',
35 silly addNameRange     '1.1.0',
35 silly addNameRange     '1.1.1',
35 silly addNameRange     '1.1.2',
35 silly addNameRange     '1.2.0',
35 silly addNameRange     '1.2.1',
35 silly addNameRange     '1.3.0',
35 silly addNameRange     '2.0.0-alpha.1',
35 silly addNameRange     '2.0.0-alpha.2',
35 silly addNameRange     '2.0.0-alpha.3',
35 silly addNameRange     '2.0.0-alpha.4',
35 silly addNameRange     '2.0.0-beta.1',
35 silly addNameRange     '2.0.0',
35 silly addNameRange     '3.0.0',
35 silly addNameRange     '3.0.1',
35 silly addNameRange     '3.0.2',
35 silly addNameRange     '3.0.3',
35 silly addNameRange     '4.0.0',
35 silly addNameRange     '4.0.1',
35 silly addNameRange     '4.0.2',
35 silly addNameRange     '4.0.3',
35 silly addNameRange     '4.0.4',
35 silly addNameRange     '4.0.5',
35 silly addNameRange     '4.0.6',
35 silly addNameRange     '1.0.2-beta',
35 silly addNameRange     '1.0.4-beta',
35 silly addNameRange     '1.0.5-beta' ] ]
36 verbose addNamed [ 'handlebars', '4.0.6' ]
37 verbose addNamed [ '4.0.6', '4.0.6' ]
38 silly lockFile ddd5ae86-handlebars-4-0-6 handlebars@4.0.6
39 verbose lock handlebars@4.0.6 /home/vagrant/.npm/ddd5ae86-handlebars-4-0-6.lock
40 silly lockFile 79088d08--handlebars-handlebars-4-0-6-tgz https://registry.npmjs.org/handlebars/-/handlebars-4.0.6.tgz
41 verbose lock https://registry.npmjs.org/handlebars/-/handlebars-4.0.6.tgz /home/vagrant/.npm/79088d08--handlebars-handlebars-4-0-6-tgz.lock
42 verbose addRemoteTarball [ 'https://registry.npmjs.org/handlebars/-/handlebars-4.0.6.tgz',
42 verbose addRemoteTarball   '2ce4484850537f9c97a8026d5399b935c4ed4ed7' ]
43 info retry fetch attempt 1 at 21:27:28
44 verbose fetch to= /tmp/npm-5206-XAa73dx5/registry.npmjs.org/handlebars/-/handlebars-4.0.6.tgz
45 http GET https://registry.npmjs.org/handlebars/-/handlebars-4.0.6.tgz
46 http 200 https://registry.npmjs.org/handlebars/-/handlebars-4.0.6.tgz
47 silly lockFile 79088d08--handlebars-handlebars-4-0-6-tgz https://registry.npmjs.org/handlebars/-/handlebars-4.0.6.tgz
48 silly lockFile 79088d08--handlebars-handlebars-4-0-6-tgz https://registry.npmjs.org/handlebars/-/handlebars-4.0.6.tgz
49 silly lockFile ddd5ae86-handlebars-4-0-6 handlebars@4.0.6
50 silly lockFile ddd5ae86-handlebars-4-0-6 handlebars@4.0.6
51 silly lockFile 0ab5732f-handlebars handlebars@
52 silly lockFile 0ab5732f-handlebars handlebars@
53 error Error: EACCES, mkdir '/home/vagrant/.npm/handlebars/4.0.6'
53 error  { [Error: EACCES, mkdir '/home/vagrant/.npm/handlebars/4.0.6']
53 error   errno: 3,
53 error   code: 'EACCES',
53 error   path: '/home/vagrant/.npm/handlebars/4.0.6',
53 error   parent: 'sellit' }
54 error Please try running this command again as root/Administrator.
55 error System Linux 3.2.0-23-generic-pae
56 error command "/usr/bin/node" "/usr/bin/npm" "install" "--save" "handlebars"
57 error cwd /vagrant/sellit
58 error node -v v0.10.33
59 error npm -v 1.4.28
60 error path /home/vagrant/.npm/handlebars/4.0.6
61 error code EACCES
62 error errno 3
63 error stack Error: EACCES, mkdir '/home/vagrant/.npm/handlebars/4.0.6'
64 verbose exit [ 3, true ]
